\BOOKMARK [0][-]{publish.0}{\376\377\121\372\162\110\230\165}{}% 1
\BOOKMARK [0][-]{chapter*.2}{\376\377\122\035\162\110\136\217\212\000}{}% 2
\BOOKMARK [0][-]{chapter*.3}{\376\377\121\215\162\110\136\217\212\000}{}% 3
\BOOKMARK [-1][-]{part*.4}{\376\377\173\054\116\000\172\340}{}% 4
\BOOKMARK [0][-]{chapter*.5}{\376\377\126\375\133\266\146\057\226\066\176\247\167\333\166\376\116\015\123\357\214\003\124\214\166\204\116\247\162\151}{part*.4}% 5
\BOOKMARK [0][-]{chapter*.6}{\376\377\162\171\122\053\166\204\153\146\210\305\226\037\117\015\377\014\166\321\162\361\173\111\173\111}{part*.4}% 6
\BOOKMARK [0][-]{chapter*.7}{\376\377\126\375\133\266\146\057\122\145\122\112\124\214\210\253\123\213\217\353\226\066\176\247\166\204\135\345\121\167}{part*.4}% 7
\BOOKMARK [0][-]{chapter*.8}{\376\377\126\375\133\266\040\034\155\210\116\241\040\035\124\214\146\264\122\233\227\151\124\175}{part*.4}% 8
\BOOKMARK [-1][-]{part*.9}{\376\377\173\054\116\214\172\340}{}% 9
\BOOKMARK [0][-]{chapter*.10}{\376\377\227\151\124\175\166\204\122\115\131\034}{part*.9}% 10
\BOOKMARK [0][-]{chapter*.11}{\376\377\227\151\124\175\166\204\140\073\176\323}{part*.9}% 11
\BOOKMARK [0][-]{chapter*.12}{\376\377\0001\0008\0005\0002\136\164\232\154\121\113\140\035\133\371\225\356\230\230\166\204\143\320\154\325\000*}{part*.9}% 12
\BOOKMARK [-1][-]{part*.13}{\376\377\173\054\116\011\172\340}{}% 13
\BOOKMARK [0][-]{chapter*.14}{\376\377\121\154\171\076\171\076\124\130\217\331\153\041\134\035\213\325\166\204\202\361\226\304\116\073\116\111\117\125\127\050\124\142\377\037}{part*.13}% 14
\BOOKMARK [0][-]{chapter*.15}{\376\377\165\050\116\300\116\110\116\034\211\177\147\145\116\343\146\377\210\253\142\123\170\216\166\204\126\375\133\266\147\072\126\150\124\142\377\037}{part*.13}% 15
\BOOKMARK [0][-]{chapter*.16}{\376\377\213\256\117\032\122\066\166\204\155\210\131\061}{part*.13}% 16
\BOOKMARK [0][-]{chapter*.17}{\376\377\154\021\145\317\176\337\116\000\166\204\136\372\172\313}{part*.13}% 17
\BOOKMARK [0][-]{chapter*.18}{\376\377\155\210\160\155\133\304\165\037\206\153\137\017\166\204\126\375\133\266}{part*.13}% 18
\BOOKMARK [-1][-]{part*.19}{\376\377\173\054\126\333\172\340}{}% 19
\BOOKMARK [0][-]{chapter*.20}{\376\377\040\034\117\117\133\205\225\356\230\230\040\035}{part*.19}% 20
\BOOKMARK [0][-]{chapter*.21}{\376\377\124\014\145\340\145\077\136\234\116\073\116\111\200\005\166\204\213\272\142\030}{part*.19}% 21
\BOOKMARK [0][-]{chapter*.22}{\376\377\176\331\120\015\120\015\134\024\166\204\117\341}{part*.19}% 22
\BOOKMARK [0][-]{chapter*.23}{\376\377\162\061\134\024\171\217\162\171\176\262\230\206\203\111\150\110\142\171\122\044}{part*.19}% 23
\BOOKMARK [0][-]{chapter*.24}{\376\377\0001\0008\0009\0001\136\164\116\072\232\154\121\113\140\035\166\204\040\034\154\325\121\160\211\177\121\205\142\030\040\035\142\100\121\231\166\204\136\217\212\000}{part*.19}% 24
\BOOKMARK [0][-]{chapter*.25}{\376\377\140\151\150\074\145\257\213\272\154\021\116\073\122\066\166\204\155\210\226\144}{part*.19}% 25
\BOOKMARK [-1][-]{part*.26}{\376\377\173\054\116\224\172\340}{}% 26
\BOOKMARK [0][-]{chapter*.27}{\376\377\232\154\121\113\140\035\133\371\217\331\116\052\225\356\230\230\166\204\143\320\154\325}{part*.26}% 27
\BOOKMARK [0][-]{chapter*.28}{\376\377\116\316\215\104\147\054\116\073\116\111\124\021\121\161\116\247\116\073\116\111\166\204\217\307\136\246}{part*.26}% 28
\BOOKMARK [0][-]{chapter*.29}{\376\377\121\161\116\247\116\073\116\111\171\076\117\032\166\204\173\054\116\000\226\066\153\265}{part*.26}% 29
\BOOKMARK [0][-]{chapter*.30}{\376\377\121\161\116\247\116\073\116\111\171\076\117\032\166\204\232\330\176\247\226\066\153\265}{part*.26}% 30
\BOOKMARK [-1][-]{part*.31}{\376\377\173\054\121\155\172\340}{}% 31
\BOOKMARK [0][-]{chapter*.32}{\376\377\146\156\122\027\154\111\213\372\131\053\116\016\145\340\145\077\136\234\116\073\116\111\200\005\166\204\213\272\142\030}{part*.31}% 32
\BOOKMARK [0][-]{chapter*.33}{\376\377\200\003\203\050\127\372\116\016\147\072\117\032\116\073\116\111\200\005\166\204\213\272\142\030}{part*.31}% 33
\BOOKMARK [0][-]{chapter*.34}{\376\377\200\003\203\050\127\372\116\016\157\130\155\205\136\223\121\113\166\204\213\272\142\030}{part*.31}% 34
\BOOKMARK [0][-]{chapter*.35}{\376\377\122\035\162\110\215\313}{part*.31}% 35
\BOOKMARK [0][-]{chapter*.36}{\376\377\154\350\000\040\221\312}{part*.31}% 36
\BOOKMARK [0][-]{afterword.0}{\376\377\221\315\143\222\124\016\213\260}{part*.31}% 37
\BOOKMARK [0][-]{tips.0}{\376\377\162\171\122\053\143\320\171\072}{part*.31}% 38
